build/app/intermediates/manifest_merge_blame_file/debug/manifest-merger-blame-debug-report.txt
1<?xml version="1.0" encoding="utf-8"?>
2<!-- 清单文件合并指引：https://developer.android.google.cn/studio/build/manifest-merge?hl=zh-cn -->
3<manifest xmlns:android="http://schemas.android.com/apk/res/android"
4    package="com.tntlinking.tntdev.debug"
5    android:versionCode="11"
6    android:versionName="1.0.1" >
7
8    <uses-sdk
9        android:minSdkVersion="21"
9-->src/main/AndroidManifest.xml
10        android:targetSdkVersion="30" />
10-->src/main/AndroidManifest.xml
11
12    <!-- 网络相关 -->
13    <uses-permission android:name="android.permission.ACCESS_NETWORK_STATE" />
13-->src/main/AndroidManifest.xml:7:5-79
13-->src/main/AndroidManifest.xml:7:22-76
14    <uses-permission android:name="android.permission.ACCESS_WIFI_STATE" />
14-->src/main/AndroidManifest.xml:8:5-76
14-->src/main/AndroidManifest.xml:8:22-73
15    <uses-permission android:name="android.permission.INTERNET" />
15-->src/main/AndroidManifest.xml:9:5-67
15-->src/main/AndroidManifest.xml:9:22-64
16
17    <!-- 外部存储 -->
18    <uses-permission android:name="android.permission.READ_EXTERNAL_STORAGE" />
18-->src/main/AndroidManifest.xml:12:5-80
18-->src/main/AndroidManifest.xml:12:22-77
19    <uses-permission android:name="android.permission.WRITE_EXTERNAL_STORAGE" />
19-->src/main/AndroidManifest.xml:13:5-15:40
19-->src/main/AndroidManifest.xml:14:9-65
20
21    <!-- 拍照权限 -->
22    <uses-permission android:name="android.permission.CAMERA" />
22-->src/main/AndroidManifest.xml:18:5-65
22-->src/main/AndroidManifest.xml:18:22-62
23
24    <!-- 安装权限 -->
25    <uses-permission android:name="android.permission.REQUEST_INSTALL_PACKAGES" />
25-->src/main/AndroidManifest.xml:21:5-83
25-->src/main/AndroidManifest.xml:21:22-80
26
27    <!-- 定位权限（用于 WebView 定位） -->
28    <uses-permission android:name="android.permission.ACCESS_FINE_LOCATION" />
28-->src/main/AndroidManifest.xml:24:5-79
28-->src/main/AndroidManifest.xml:24:22-76
29    <uses-permission android:name="android.permission.ACCESS_COARSE_LOCATION" />
29-->src/main/AndroidManifest.xml:25:5-81
29-->src/main/AndroidManifest.xml:25:22-78
30
31    <!-- Android 11 软件包可见性适配：https://www.jianshu.com/p/d1ccd425c4ce -->
32    <queries>
32-->src/main/AndroidManifest.xml:430:5-465:15
33
34        <!-- 拍照意图：MediaStore.ACTION_IMAGE_CAPTURE -->
35        <intent>
35-->src/main/AndroidManifest.xml:432:9-434:18
36            <action android:name="android.media.action.IMAGE_CAPTURE" />
36-->src/main/AndroidManifest.xml:433:13-73
36-->src/main/AndroidManifest.xml:433:21-70
37        </intent>
38
39        <!-- 拍摄意图：MediaStore.ACTION_VIDEO_CAPTURE -->
40        <intent>
40-->src/main/AndroidManifest.xml:437:9-439:18
41            <action android:name="android.media.action.VIDEO_CAPTURE" />
41-->src/main/AndroidManifest.xml:438:13-73
41-->src/main/AndroidManifest.xml:438:21-70
42        </intent>
43
44        <!-- 图片裁剪意图 -->
45        <intent>
45-->src/main/AndroidManifest.xml:442:9-444:18
46            <action android:name="com.android.camera.action.CROP" />
46-->src/main/AndroidManifest.xml:443:13-69
46-->src/main/AndroidManifest.xml:443:21-66
47        </intent>
48
49        <!-- 打电话意图：Intent.ACTION_DIAL -->
50        <intent>
50-->src/main/AndroidManifest.xml:447:9-449:18
51            <action android:name="android.intent.action.DIAL" />
51-->src/main/AndroidManifest.xml:448:13-65
51-->src/main/AndroidManifest.xml:448:21-62
52        </intent>
53
54        <!-- 调起分享意图：Intent.ACTION_SEND -->
55        <intent>
55-->src/main/AndroidManifest.xml:452:9-454:18
56            <action android:name="android.intent.action.SEND" />
56-->src/main/AndroidManifest.xml:453:13-65
56-->src/main/AndroidManifest.xml:453:21-62
57        </intent>
58
59        <!-- 调起其他页面意图：Intent.ACTION_VIEW -->
60        <intent>
60-->src/main/AndroidManifest.xml:457:9-459:18
61            <action android:name="android.intent.action.VIEW" />
61-->src/main/AndroidManifest.xml:458:13-65
61-->src/main/AndroidManifest.xml:458:21-62
62        </intent>
63
64        <!-- 调起系统文件选择器：Intent.ACTION_GET_CONTENT -->
65        <intent>
65-->src/main/AndroidManifest.xml:462:9-464:18
66            <action android:name="android.intent.action.GET_CONTENT" />
66-->src/main/AndroidManifest.xml:463:13-72
66-->src/main/AndroidManifest.xml:463:21-69
67        </intent>
68        <!-- 手机 QQ 的包名 -->
69        <package android:name="com.tencent.mobileqq" /> <!-- 微信的包名 -->
69-->[:library:umeng] AndroidManifest.xml:28:9-56
69-->[:library:umeng] AndroidManifest.xml:28:18-53
70        <package android:name="com.tencent.mm" />
70-->[:library:umeng] AndroidManifest.xml:30:9-50
70-->[:library:umeng] AndroidManifest.xml:30:18-47
71    </queries>
72
73    <!-- 友盟统计 -->
74    <uses-permission android:name="android.permission.READ_PHONE_STATE" /> <!-- To allow starting foreground services on Android P+ - https://developer.android.com/preview/behavior-changes#fg-svc -->
74-->[:library:umeng] AndroidManifest.xml:18:5-75
74-->[:library:umeng] AndroidManifest.xml:18:22-72
75    <uses-permission android:name="android.permission.FOREGROUND_SERVICE" /> <!-- Application 节点详解：https://developer.android.google.cn/guide/topics/manifest/application-element -->
75-->[com.squareup.leakcanary:leakcanary-android-core:2.7] AndroidManifest.xml:26:5-77
75-->[com.squareup.leakcanary:leakcanary-android-core:2.7] AndroidManifest.xml:26:22-74
76    <!-- Activity 节点详解：https://developer.android.google.cn/guide/topics/manifest/activity-element -->
77    <application
78        android:name="com.tntlinking.tntdev.app.AppApplication"
78-->src/main/AndroidManifest.xml:30:9-64
79        android:allowBackup="false"
79-->src/main/AndroidManifest.xml:31:9-36
80        android:appComponentFactory="androidx.core.app.CoreComponentFactory"
80-->[androidx.core:core:1.5.0] AndroidManifest.xml:24:18-86
81        android:debuggable="true"
82        android:icon="@mipmap/app_logo"
82-->src/main/AndroidManifest.xml:32:9-40
83        android:label="天天数链 Debug 版"
83-->src/main/AndroidManifest.xml:33:9-36
84        android:networkSecurityConfig="@xml/network_security_config"
84-->src/main/AndroidManifest.xml:34:9-69
85        android:requestLegacyExternalStorage="true"
85-->src/main/AndroidManifest.xml:35:9-52
86        android:resizeableActivity="true"
86-->src/main/AndroidManifest.xml:36:9-42
87        android:roundIcon="@mipmap/app_logo"
87-->src/main/AndroidManifest.xml:37:9-45
88        android:supportsRtl="false"
88-->src/main/AndroidManifest.xml:38:9-36
89        android:testOnly="true"
90        android:theme="@style/AppTheme"
90-->src/main/AndroidManifest.xml:39:9-40
91        android:usesCleartextTraffic="true" >
91-->src/main/AndroidManifest.xml:40:9-44
92
93        <!-- 表示当前已经适配了分区存储 -->
94        <meta-data
94-->src/main/AndroidManifest.xml:46:9-48:36
95            android:name="ScopedStorage"
95-->src/main/AndroidManifest.xml:47:13-41
96            android:value="true" />
96-->src/main/AndroidManifest.xml:48:13-33
97
98        <!-- 适配 Android 7.0 文件意图 -->
99        <provider
100            android:name="androidx.core.content.FileProvider"
100-->src/main/AndroidManifest.xml:52:13-62
101            android:authorities="com.tntlinking.tntdev.debug.provider"
101-->src/main/AndroidManifest.xml:53:13-60
102            android:exported="false"
102-->src/main/AndroidManifest.xml:54:13-37
103            android:grantUriPermissions="true" >
103-->src/main/AndroidManifest.xml:55:13-47
104            <meta-data
104-->src/main/AndroidManifest.xml:57:13-59:54
105                android:name="android.support.FILE_PROVIDER_PATHS"
105-->src/main/AndroidManifest.xml:58:17-67
106                android:resource="@xml/file_paths" />
106-->src/main/AndroidManifest.xml:59:17-51
107        </provider>
108
109        <!-- 闪屏页 -->
110        <activity
110-->src/main/AndroidManifest.xml:63:9-77:20
111            android:name="com.tntlinking.tntdev.ui.activity.SplashActivity"
111-->src/main/AndroidManifest.xml:64:13-76
112            android:launchMode="singleTop"
112-->src/main/AndroidManifest.xml:65:13-43
113            android:screenOrientation="portrait"
113-->src/main/AndroidManifest.xml:66:13-49
114            android:theme="@style/SplashTheme" >
114-->src/main/AndroidManifest.xml:67:13-47
115
116            <!-- 程序入口 -->
117            <intent-filter>
117-->src/main/AndroidManifest.xml:70:13-75:29
118                <action android:name="android.intent.action.MAIN" />
118-->src/main/AndroidManifest.xml:71:17-69
118-->src/main/AndroidManifest.xml:71:25-66
119                <action android:name="android.intent.action.VIEW" />
119-->src/main/AndroidManifest.xml:458:13-65
119-->src/main/AndroidManifest.xml:458:21-62
120
121                <category android:name="android.intent.category.LAUNCHER" />
121-->src/main/AndroidManifest.xml:74:17-77
121-->src/main/AndroidManifest.xml:74:27-74
122            </intent-filter>
123        </activity>
124
125        <!-- 引导页 -->
126        <activity
126-->src/main/AndroidManifest.xml:80:9-83:52
127            android:name="com.tntlinking.tntdev.ui.activity.GuideActivity"
127-->src/main/AndroidManifest.xml:81:13-75
128            android:launchMode="singleTop"
128-->src/main/AndroidManifest.xml:82:13-43
129            android:screenOrientation="portrait" />
129-->src/main/AndroidManifest.xml:83:13-49
130
131        <!-- 首页 -->
132        <activity
132-->src/main/AndroidManifest.xml:86:9-90:55
133            android:name="com.tntlinking.tntdev.ui.activity.HomeActivity"
133-->src/main/AndroidManifest.xml:87:13-74
134            android:launchMode="singleTask"
134-->src/main/AndroidManifest.xml:88:13-44
135            android:screenOrientation="portrait"
135-->src/main/AndroidManifest.xml:89:13-49
136            android:windowSoftInputMode="adjustPan" />
136-->src/main/AndroidManifest.xml:90:13-52
137
138        <!-- 登录页 -->
139        <activity
139-->src/main/AndroidManifest.xml:93:9-97:57
140            android:name="com.tntlinking.tntdev.ui.activity.LoginActivity"
140-->src/main/AndroidManifest.xml:94:13-75
141            android:launchMode="singleTop"
141-->src/main/AndroidManifest.xml:95:13-43
142            android:screenOrientation="portrait"
142-->src/main/AndroidManifest.xml:96:13-49
143            android:windowSoftInputMode="stateHidden" />
143-->src/main/AndroidManifest.xml:97:13-54
144
145        <!-- 注册页 -->
146        <activity
146-->src/main/AndroidManifest.xml:100:9-104:57
147            android:name="com.tntlinking.tntdev.ui.activity.RegisterActivity"
147-->src/main/AndroidManifest.xml:101:13-78
148            android:launchMode="singleTop"
148-->src/main/AndroidManifest.xml:102:13-43
149            android:screenOrientation="portrait"
149-->src/main/AndroidManifest.xml:103:13-49
150            android:windowSoftInputMode="stateHidden" />
150-->src/main/AndroidManifest.xml:104:13-54
151
152        <!-- 崩溃展示（必须在独立进程） -->
153        <activity
153-->src/main/AndroidManifest.xml:107:9-111:53
154            android:name="com.tntlinking.tntdev.ui.activity.CrashActivity"
154-->src/main/AndroidManifest.xml:108:13-75
155            android:launchMode="singleTop"
155-->src/main/AndroidManifest.xml:109:13-43
156            android:process=":crash"
156-->src/main/AndroidManifest.xml:110:13-37
157            android:screenOrientation="landscape" />
157-->src/main/AndroidManifest.xml:111:13-50
158
159        <!-- 重启应用（必须在独立进程） -->
160        <activity
160-->src/main/AndroidManifest.xml:114:9-117:42
161            android:name="com.tntlinking.tntdev.ui.activity.RestartActivity"
161-->src/main/AndroidManifest.xml:115:13-77
162            android:launchMode="singleTop"
162-->src/main/AndroidManifest.xml:116:13-43
163            android:process=":restart" />
163-->src/main/AndroidManifest.xml:117:13-39
164
165        <!-- 设置页 -->
166        <activity
166-->src/main/AndroidManifest.xml:120:9-124:52
167            android:name="com.tntlinking.tntdev.ui.activity.SettingActivity"
167-->src/main/AndroidManifest.xml:121:13-77
168            android:label="@string/setting_title"
168-->src/main/AndroidManifest.xml:122:13-50
169            android:launchMode="singleTop"
169-->src/main/AndroidManifest.xml:123:13-43
170            android:screenOrientation="portrait" />
170-->src/main/AndroidManifest.xml:124:13-49
171
172        <!-- 忘记密码 -->
173        <activity
173-->src/main/AndroidManifest.xml:127:9-132:57
174            android:name="com.tntlinking.tntdev.ui.activity.PasswordForgetActivity"
174-->src/main/AndroidManifest.xml:128:13-84
175            android:label="@string/password_forget_title"
175-->src/main/AndroidManifest.xml:129:13-58
176            android:launchMode="singleTop"
176-->src/main/AndroidManifest.xml:130:13-43
177            android:screenOrientation="portrait"
177-->src/main/AndroidManifest.xml:131:13-49
178            android:windowSoftInputMode="stateHidden" />
178-->src/main/AndroidManifest.xml:132:13-54
179
180        <!-- 重置密码 -->
181        <activity
181-->src/main/AndroidManifest.xml:135:9-140:57
182            android:name="com.tntlinking.tntdev.ui.activity.PasswordResetActivity"
182-->src/main/AndroidManifest.xml:136:13-83
183            android:label="@string/password_reset_title"
183-->src/main/AndroidManifest.xml:137:13-57
184            android:launchMode="singleTop"
184-->src/main/AndroidManifest.xml:138:13-43
185            android:screenOrientation="portrait"
185-->src/main/AndroidManifest.xml:139:13-49
186            android:windowSoftInputMode="stateHidden" />
186-->src/main/AndroidManifest.xml:140:13-54
187
188        <!-- 更换手机 -->
189        <activity
189-->src/main/AndroidManifest.xml:143:9-148:57
190            android:name="com.tntlinking.tntdev.ui.activity.PhoneResetActivity"
190-->src/main/AndroidManifest.xml:144:13-80
191            android:label="@string/phone_reset_title"
191-->src/main/AndroidManifest.xml:145:13-54
192            android:launchMode="singleTop"
192-->src/main/AndroidManifest.xml:146:13-43
193            android:screenOrientation="portrait"
193-->src/main/AndroidManifest.xml:147:13-49
194            android:windowSoftInputMode="stateHidden" />
194-->src/main/AndroidManifest.xml:148:13-54
195
196        <!-- 关于我们 -->
197        <activity
197-->src/main/AndroidManifest.xml:151:9-155:52
198            android:name="com.tntlinking.tntdev.ui.activity.AboutActivity"
198-->src/main/AndroidManifest.xml:152:13-75
199            android:label="@string/about_title"
199-->src/main/AndroidManifest.xml:153:13-48
200            android:launchMode="singleTop"
200-->src/main/AndroidManifest.xml:154:13-43
201            android:screenOrientation="portrait" />
201-->src/main/AndroidManifest.xml:155:13-49
202        <!-- 关于我们 -->
203        <activity
203-->src/main/AndroidManifest.xml:157:9-161:52
204            android:name="com.tntlinking.tntdev.ui.activity.PDFViewActivity"
204-->src/main/AndroidManifest.xml:158:13-77
205            android:label="@string/about_title"
205-->src/main/AndroidManifest.xml:159:13-48
206            android:launchMode="singleTop"
206-->src/main/AndroidManifest.xml:160:13-43
207            android:screenOrientation="portrait" />
207-->src/main/AndroidManifest.xml:161:13-49
208        <!-- 关于我们 -->
209        <activity
209-->src/main/AndroidManifest.xml:163:9-167:52
210            android:name="com.tntlinking.tntdev.ui.activity.MDViewActivity"
210-->src/main/AndroidManifest.xml:164:13-76
211            android:label="@string/about_title"
211-->src/main/AndroidManifest.xml:165:13-48
212            android:launchMode="singleTop"
212-->src/main/AndroidManifest.xml:166:13-43
213            android:screenOrientation="portrait" />
213-->src/main/AndroidManifest.xml:167:13-49
214
215        <!-- 个人资料 -->
216        <activity
216-->src/main/AndroidManifest.xml:170:9-174:52
217            android:name="com.tntlinking.tntdev.ui.activity.PersonalDataActivity"
217-->src/main/AndroidManifest.xml:171:13-82
218            android:label="@string/personal_data_title"
218-->src/main/AndroidManifest.xml:172:13-56
219            android:launchMode="singleTop"
219-->src/main/AndroidManifest.xml:173:13-43
220            android:screenOrientation="portrait" />
220-->src/main/AndroidManifest.xml:174:13-49
221
222        <!-- 网页浏览 -->
223        <activity
223-->src/main/AndroidManifest.xml:177:9-181:52
224            android:name="com.tntlinking.tntdev.ui.activity.BrowserActivity"
224-->src/main/AndroidManifest.xml:178:13-77
225            android:label="@string/web_title"
225-->src/main/AndroidManifest.xml:179:13-46
226            android:launchMode="singleTop"
226-->src/main/AndroidManifest.xml:180:13-43
227            android:screenOrientation="portrait" />
227-->src/main/AndroidManifest.xml:181:13-49
228
229        <!-- 拍照选择 -->
230        <activity
230-->src/main/AndroidManifest.xml:184:9-187:52
231            android:name="com.tntlinking.tntdev.ui.activity.CameraActivity"
231-->src/main/AndroidManifest.xml:185:13-76
232            android:launchMode="singleTop"
232-->src/main/AndroidManifest.xml:186:13-43
233            android:screenOrientation="portrait" />
233-->src/main/AndroidManifest.xml:187:13-49
234
235        <!-- 图片裁剪 -->
236        <activity
236-->src/main/AndroidManifest.xml:190:9-193:52
237            android:name="com.tntlinking.tntdev.ui.activity.ImageCropActivity"
237-->src/main/AndroidManifest.xml:191:13-79
238            android:launchMode="singleTop"
238-->src/main/AndroidManifest.xml:192:13-43
239            android:screenOrientation="portrait" />
239-->src/main/AndroidManifest.xml:193:13-49
240
241        <!-- 图片选择 -->
242        <activity
242-->src/main/AndroidManifest.xml:196:9-200:52
243            android:name="com.tntlinking.tntdev.ui.activity.ImageSelectActivity"
243-->src/main/AndroidManifest.xml:197:13-81
244            android:label="@string/image_select_title"
244-->src/main/AndroidManifest.xml:198:13-55
245            android:launchMode="singleTop"
245-->src/main/AndroidManifest.xml:199:13-43
246            android:screenOrientation="portrait" />
246-->src/main/AndroidManifest.xml:200:13-49
247
248        <!-- 查看大图 -->
249        <activity
249-->src/main/AndroidManifest.xml:203:9-206:52
250            android:name="com.tntlinking.tntdev.ui.activity.ImagePreviewActivity"
250-->src/main/AndroidManifest.xml:204:13-82
251            android:launchMode="singleTop"
251-->src/main/AndroidManifest.xml:205:13-43
252            android:screenOrientation="portrait" />
252-->src/main/AndroidManifest.xml:206:13-49
253
254        <!-- 播放视频（自适应方向） -->
255        <activity
255-->src/main/AndroidManifest.xml:209:9-212:54
256            android:name="com.tntlinking.tntdev.ui.activity.VideoPlayActivity"
256-->src/main/AndroidManifest.xml:210:13-79
257            android:launchMode="singleTop"
257-->src/main/AndroidManifest.xml:211:13-43
258            android:theme="@style/FullScreenTheme" />
258-->src/main/AndroidManifest.xml:212:13-51
259
260        <!-- 播放视频（竖屏方向） -->
261        <activity
261-->src/main/AndroidManifest.xml:215:9-219:54
262            android:name="com.tntlinking.tntdev.ui.activity.VideoPlayActivity$Portrait"
262-->src/main/AndroidManifest.xml:216:13-88
263            android:launchMode="singleTop"
263-->src/main/AndroidManifest.xml:217:13-43
264            android:screenOrientation="portrait"
264-->src/main/AndroidManifest.xml:218:13-49
265            android:theme="@style/FullScreenTheme" />
265-->src/main/AndroidManifest.xml:219:13-51
266
267        <!-- 播放视频（横屏方向） -->
268        <activity
268-->src/main/AndroidManifest.xml:222:9-226:54
269            android:name="com.tntlinking.tntdev.ui.activity.VideoPlayActivity$Landscape"
269-->src/main/AndroidManifest.xml:223:13-89
270            android:launchMode="singleTop"
270-->src/main/AndroidManifest.xml:224:13-43
271            android:screenOrientation="landscape"
271-->src/main/AndroidManifest.xml:225:13-50
272            android:theme="@style/FullScreenTheme" />
272-->src/main/AndroidManifest.xml:226:13-51
273
274        <!-- 选择视频 -->
275        <activity
275-->src/main/AndroidManifest.xml:229:9-232:52
276            android:name="com.tntlinking.tntdev.ui.activity.VideoSelectActivity"
276-->src/main/AndroidManifest.xml:230:13-81
277            android:launchMode="singleTop"
277-->src/main/AndroidManifest.xml:231:13-43
278            android:screenOrientation="portrait" />
278-->src/main/AndroidManifest.xml:232:13-49
279
280        <!-- 对话框案例 -->
281        <activity
281-->src/main/AndroidManifest.xml:235:9-238:52
282            android:name="com.tntlinking.tntdev.ui.activity.DialogActivity"
282-->src/main/AndroidManifest.xml:236:13-76
283            android:launchMode="singleTop"
283-->src/main/AndroidManifest.xml:237:13-43
284            android:screenOrientation="portrait" />
284-->src/main/AndroidManifest.xml:238:13-49
285
286        <!-- 状态案例 -->
287        <activity
287-->src/main/AndroidManifest.xml:241:9-244:52
288            android:name="com.tntlinking.tntdev.ui.activity.StatusActivity"
288-->src/main/AndroidManifest.xml:242:13-76
289            android:launchMode="singleTop"
289-->src/main/AndroidManifest.xml:243:13-43
290            android:screenOrientation="portrait" />
290-->src/main/AndroidManifest.xml:244:13-49
291
292        <!-- 登陆页面1 -->
293        <activity
293-->src/main/AndroidManifest.xml:248:9-251:52
294            android:name="com.tntlinking.tntdev.ui.activity.LoginActivity1"
294-->src/main/AndroidManifest.xml:249:13-76
295            android:launchMode="singleTop"
295-->src/main/AndroidManifest.xml:250:13-43
296            android:screenOrientation="portrait" />
296-->src/main/AndroidManifest.xml:251:13-49
297        <!-- 登陆页面3 -->
298        <activity
298-->src/main/AndroidManifest.xml:253:9-256:52
299            android:name="com.tntlinking.tntdev.ui.activity.LoginActivity2"
299-->src/main/AndroidManifest.xml:254:13-76
300            android:launchMode="singleTop"
300-->src/main/AndroidManifest.xml:255:13-43
301            android:screenOrientation="portrait" />
301-->src/main/AndroidManifest.xml:256:13-49
302        <!-- 登陆页面3 -->
303        <activity
303-->src/main/AndroidManifest.xml:258:9-261:52
304            android:name="com.tntlinking.tntdev.ui.activity.LoginActivityView"
304-->src/main/AndroidManifest.xml:259:13-79
305            android:launchMode="singleTop"
305-->src/main/AndroidManifest.xml:260:13-43
306            android:screenOrientation="portrait" />
306-->src/main/AndroidManifest.xml:261:13-49
307        <!-- 基本信息页面1 -->
308        <activity
308-->src/main/AndroidManifest.xml:263:9-266:52
309            android:name="com.tntlinking.tntdev.ui.activity.BaseInfoActivity1"
309-->src/main/AndroidManifest.xml:264:13-79
310            android:launchMode="singleTop"
310-->src/main/AndroidManifest.xml:265:13-43
311            android:screenOrientation="portrait" />
311-->src/main/AndroidManifest.xml:266:13-49
312        <!-- 基本信息页面2 -->
313        <activity
313-->src/main/AndroidManifest.xml:268:9-271:52
314            android:name="com.tntlinking.tntdev.ui.activity.BaseInfoActivity2"
314-->src/main/AndroidManifest.xml:269:13-79
315            android:launchMode="singleTop"
315-->src/main/AndroidManifest.xml:270:13-43
316            android:screenOrientation="portrait" />
316-->src/main/AndroidManifest.xml:271:13-49
317        <!-- 基本信息页面3 -->
318        <activity
318-->src/main/AndroidManifest.xml:273:9-276:52
319            android:name="com.tntlinking.tntdev.ui.activity.BaseInfoActivity3"
319-->src/main/AndroidManifest.xml:274:13-79
320            android:launchMode="singleTop"
320-->src/main/AndroidManifest.xml:275:13-43
321            android:screenOrientation="portrait" />
321-->src/main/AndroidManifest.xml:276:13-49
322        <!-- 添加教育经历页面 -->
323        <activity
323-->src/main/AndroidManifest.xml:278:9-281:52
324            android:name="com.tntlinking.tntdev.ui.activity.AddEducationActivity"
324-->src/main/AndroidManifest.xml:279:13-82
325            android:launchMode="singleTop"
325-->src/main/AndroidManifest.xml:280:13-43
326            android:screenOrientation="portrait" />
326-->src/main/AndroidManifest.xml:281:13-49
327        <!-- 添加教育经历页面 -->
328        <activity
328-->src/main/AndroidManifest.xml:283:9-286:52
329            android:name="com.tntlinking.tntdev.ui.activity.AddEducationActivityNew"
329-->src/main/AndroidManifest.xml:284:13-85
330            android:launchMode="singleTop"
330-->src/main/AndroidManifest.xml:285:13-43
331            android:screenOrientation="portrait" />
331-->src/main/AndroidManifest.xml:286:13-49
332        <!-- 添加项目经验 -->
333        <activity
333-->src/main/AndroidManifest.xml:288:9-292:52
334            android:name="com.tntlinking.tntdev.ui.activity.AddWorkActivity"
334-->src/main/AndroidManifest.xml:289:13-77
335            android:launchMode="singleTop"
335-->src/main/AndroidManifest.xml:290:13-43
336            android:screenOrientation="portrait"
336-->src/main/AndroidManifest.xml:292:13-49
337            android:windowSoftInputMode="stateAlwaysHidden|adjustPan" />
337-->src/main/AndroidManifest.xml:291:13-70
338        <!-- 添加项目经验 -->
339        <activity
339-->src/main/AndroidManifest.xml:294:9-298:52
340            android:name="com.tntlinking.tntdev.ui.activity.AddProjectActivity"
340-->src/main/AndroidManifest.xml:295:13-80
341            android:launchMode="singleTop"
341-->src/main/AndroidManifest.xml:296:13-43
342            android:screenOrientation="portrait"
342-->src/main/AndroidManifest.xml:298:13-49
343            android:windowSoftInputMode="stateAlwaysHidden|adjustPan" />
343-->src/main/AndroidManifest.xml:297:13-70
344        <!-- 添加项目经验 -->
345        <activity
345-->src/main/AndroidManifest.xml:300:9-304:52
346            android:name="com.tntlinking.tntdev.ui.activity.AddProjectActivityNew"
346-->src/main/AndroidManifest.xml:301:13-83
347            android:launchMode="singleTop"
347-->src/main/AndroidManifest.xml:302:13-43
348            android:screenOrientation="portrait"
348-->src/main/AndroidManifest.xml:304:13-49
349            android:windowSoftInputMode="stateAlwaysHidden|adjustPan" />
349-->src/main/AndroidManifest.xml:303:13-70
350        <!-- 标签选择页面 -->
351        <activity
351-->src/main/AndroidManifest.xml:306:9-309:52
352            android:name="com.tntlinking.tntdev.ui.activity.AddProjectTagActivity"
352-->src/main/AndroidManifest.xml:307:13-83
353            android:launchMode="singleTop"
353-->src/main/AndroidManifest.xml:308:13-43
354            android:screenOrientation="portrait" />
354-->src/main/AndroidManifest.xml:309:13-49
355        <!-- 标签选择页面 -->
356        <activity
356-->src/main/AndroidManifest.xml:311:9-314:52
357            android:name="com.tntlinking.tntdev.ui.activity.AddProjectTagActivityNew"
357-->src/main/AndroidManifest.xml:312:13-86
358            android:launchMode="singleTop"
358-->src/main/AndroidManifest.xml:313:13-43
359            android:screenOrientation="portrait" />
359-->src/main/AndroidManifest.xml:314:13-49
360        <!-- 标签选择搜索页面 -->
361        <activity
361-->src/main/AndroidManifest.xml:316:9-319:52
362            android:name="com.tntlinking.tntdev.ui.activity.AddTagSearchActivity"
362-->src/main/AndroidManifest.xml:317:13-82
363            android:launchMode="singleTop"
363-->src/main/AndroidManifest.xml:318:13-43
364            android:screenOrientation="portrait" />
364-->src/main/AndroidManifest.xml:319:13-49
365        <!-- 用户信息页面 -->
366        <activity
366-->src/main/AndroidManifest.xml:321:9-324:52
367            android:name="com.tntlinking.tntdev.ui.activity.PersonDataActivity"
367-->src/main/AndroidManifest.xml:322:13-80
368            android:launchMode="singleTop"
368-->src/main/AndroidManifest.xml:323:13-43
369            android:screenOrientation="portrait" />
369-->src/main/AndroidManifest.xml:324:13-49
370
371        <!-- 收益列表页面 -->
372        <activity
372-->src/main/AndroidManifest.xml:327:9-330:52
373            android:name="com.tntlinking.tntdev.ui.activity.IncomeListActivity"
373-->src/main/AndroidManifest.xml:328:13-80
374            android:launchMode="singleTop"
374-->src/main/AndroidManifest.xml:329:13-43
375            android:screenOrientation="portrait" />
375-->src/main/AndroidManifest.xml:330:13-49
376        <!-- 收益详情页面 -->
377        <activity
377-->src/main/AndroidManifest.xml:332:9-335:52
378            android:name="com.tntlinking.tntdev.ui.activity.IncomeDetailActivity"
378-->src/main/AndroidManifest.xml:333:13-82
379            android:launchMode="singleTop"
379-->src/main/AndroidManifest.xml:334:13-43
380            android:screenOrientation="portrait" />
380-->src/main/AndroidManifest.xml:335:13-49
381        <!-- 工作主页 页面 -->
382        <activity
382-->src/main/AndroidManifest.xml:337:9-340:52
383            android:name="com.tntlinking.tntdev.ui.activity.HomeWorkActivity"
383-->src/main/AndroidManifest.xml:338:13-78
384            android:launchMode="singleTop"
384-->src/main/AndroidManifest.xml:339:13-43
385            android:screenOrientation="portrait" />
385-->src/main/AndroidManifest.xml:340:13-49
386        <!-- 工作主页 页面 -->
387        <activity
387-->src/main/AndroidManifest.xml:342:9-345:52
388            android:name="com.tntlinking.tntdev.ui.activity.InterviewActivity"
388-->src/main/AndroidManifest.xml:343:13-79
389            android:launchMode="singleTop"
389-->src/main/AndroidManifest.xml:344:13-43
390            android:screenOrientation="portrait" />
390-->src/main/AndroidManifest.xml:345:13-49
391        <!-- 工作主页 页面 -->
392        <activity
392-->src/main/AndroidManifest.xml:347:9-350:52
393            android:name="com.tntlinking.tntdev.ui.activity.HomeStatusActivity"
393-->src/main/AndroidManifest.xml:348:13-80
394            android:launchMode="singleTop"
394-->src/main/AndroidManifest.xml:349:13-43
395            android:screenOrientation="portrait" />
395-->src/main/AndroidManifest.xml:350:13-49
396        <!-- 面试详情页面 -->
397        <activity
397-->src/main/AndroidManifest.xml:352:9-355:52